<?xml version="1.0" encoding="UTF-8"?>
<!-- Generated by org.testng.reporters.JUnitXMLReporter -->
<testsuite ignored="0" hostname="LAPTOP-PA83I7AP" failures="0" tests="2" name="Default test" time="111.146" errors="0" timestamp="2021-02-01T18:48:44 CST">
  <testcase classname="com.app.mobile.test.Test_Login_Application" name="Test_Login_Application_Negative" time="41.338"/>
  <testcase classname="com.app.mobile.test.Test_Login_Application" name="Test_Login_Application_Sucess" time="61.109"/>
</testsuite> <!-- Default test -->
