<?xml version="1.0" encoding="UTF-8"?>
<testng-results ignored="0" total="2" passed="2" failed="0" skipped="0">
  <reporter-output>
  </reporter-output>
  <suite started-at="2021-02-01T18:46:53 CST" name="Default suite" finished-at="2021-02-01T18:48:44 CST" duration-ms="111146">
    <groups>
    </groups>
    <test started-at="2021-02-01T18:46:53 CST" name="Default test" finished-at="2021-02-01T18:48:44 CST" duration-ms="111146">
      <class name="com.app.mobile.test.Test_Login_Application">
        <test-method is-config="true" signature="setUp()[pri:0, instance:com.app.mobile.test.Test_Login_Application@16a0ee18]" started-at="2021-02-01T18:46:53 CST" name="setUp" finished-at="2021-02-01T18:47:01 CST" duration-ms="8658" status="PASS">
          <reporter-output>
          </reporter-output>
        </test-method> <!-- setUp -->
        <test-method signature="Test_Login_Application_Negative()[pri:0, instance:com.app.mobile.test.Test_Login_Application@16a0ee18]" started-at="2021-02-01T18:47:01 CST" name="Test_Login_Application_Negative" finished-at="2021-02-01T18:47:43 CST" duration-ms="41338" status="PASS">
          <reporter-output>
          </reporter-output>
        </test-method> <!-- Test_Login_Application_Negative -->
        <test-method signature="Test_Login_Application_Sucess()[pri:0, instance:com.app.mobile.test.Test_Login_Application@16a0ee18]" started-at="2021-02-01T18:47:43 CST" name="Test_Login_Application_Sucess" finished-at="2021-02-01T18:48:44 CST" duration-ms="61109" status="PASS">
          <reporter-output>
          </reporter-output>
        </test-method> <!-- Test_Login_Application_Sucess -->
      </class> <!-- com.app.mobile.test.Test_Login_Application -->
    </test> <!-- Default test -->
  </suite> <!-- Default suite -->
</testng-results>
